2018-05-16 18:23:27 ERROR Entry:31 - Config Reading Failed
2018-05-16 18:24:21 ERROR Entry:31 - Config Reading Failed
2018-05-16 18:24:47 ERROR Entry:31 - Config Reading Failed
2018-05-16 18:24:57 ERROR Entry:32 - Config Reading Failed
2018-05-16 18:26:00 ERROR Entry:32 - Config Reading Failed
2018-05-16 18:27:36 ERROR Entry:32 - Config Reading Failed
2018-05-16 18:28:15 ERROR Entry:32 - Config Reading Failed
2018-05-16 18:28:24 ERROR Entry:32 - Config Reading Failed
2018-05-16 18:29:09 ERROR Entry:32 - Config Reading Failed
2018-05-16 18:31:10 ERROR Entry:32 - Config Reading Failed
2018-05-16 18:39:34 INFO  Entry:18 - file:/Users/peiyulin/Documents/Anubis/target/classes/com/anubis/sso/
2018-05-16 18:40:11 INFO  Entry:18 - /Users/peiyulin/Documents/Anubis/target/classes/com/anubis/sso/
2018-05-16 18:40:24 INFO  Entry:18 - /Users/peiyulin/Documents/Anubis/target/classes/com/anubis/
2018-05-16 18:40:42 INFO  Entry:18 - /Users/peiyulin/Documents/Anubis/target/classes/
2018-05-16 18:41:12 INFO  Entry:28 - 
2018-05-16 18:45:52 INFO  Entry:28 - 30201
2018-05-16 19:02:01 DEBUG InternalLoggerFactory:71 - Using SLF4J as the default logging framework
2018-05-16 19:02:01 DEBUG MultithreadEventLoopGroup:76 - -Dio.netty.eventLoopThreads: 8
2018-05-16 19:02:01 DEBUG NioEventLoop:76 - -Dio.netty.noKeySetOptimization: false
2018-05-16 19:02:01 DEBUG NioEventLoop:76 - -Dio.netty.selectorAutoRebuildThreshold: 512
2018-05-16 19:02:01 DEBUG PlatformDependent:71 - Platform: MacOS
2018-05-16 19:02:01 DEBUG PlatformDependent0:76 - -Dio.netty.noUnsafe: false
2018-05-16 19:02:01 DEBUG PlatformDependent0:76 - Java version: 8
2018-05-16 19:02:01 DEBUG PlatformDependent0:71 - sun.misc.Unsafe.theUnsafe: available
2018-05-16 19:02:01 DEBUG PlatformDependent0:71 - sun.misc.Unsafe.copyMemory: available
2018-05-16 19:02:01 DEBUG PlatformDependent0:71 - java.nio.Buffer.address: available
2018-05-16 19:02:01 DEBUG PlatformDependent0:71 - direct buffer constructor: available
2018-05-16 19:02:01 DEBUG PlatformDependent0:76 - java.nio.Bits.unaligned: available, true
2018-05-16 19:02:01 DEBUG PlatformDependent0:71 - jdk.internal.misc.Unsafe.allocateUninitializedArray(int): unavailable prior to Java9
2018-05-16 19:02:01 DEBUG PlatformDependent0:76 - java.nio.DirectByteBuffer.<init>(long, int): available
2018-05-16 19:02:01 DEBUG PlatformDependent:76 - sun.misc.Unsafe: available
2018-05-16 19:02:01 DEBUG PlatformDependent:76 - -Dio.netty.tmpdir: /var/folders/3m/kp845ybd7rz0cqwwffz5lq9h0000gn/T (java.io.tmpdir)
2018-05-16 19:02:01 DEBUG PlatformDependent:76 - -Dio.netty.bitMode: 64 (sun.arch.data.model)
2018-05-16 19:02:01 DEBUG PlatformDependent:76 - -Dio.netty.noPreferDirect: false
2018-05-16 19:02:01 DEBUG PlatformDependent:76 - -Dio.netty.maxDirectMemory: 954728448 bytes
2018-05-16 19:02:01 DEBUG PlatformDependent:76 - -Dio.netty.uninitializedArrayAllocationThreshold: -1
2018-05-16 19:02:01 DEBUG CleanerJava6:71 - java.nio.ByteBuffer.cleaner(): available
2018-05-16 19:02:01 DEBUG PlatformDependent:71 - org.jctools-core.MpscChunkedArrayQueue: available
2018-05-16 19:02:02 DEBUG DefaultChannelId:76 - -Dio.netty.processId: 3693 (auto-detected)
2018-05-16 19:02:02 DEBUG NetUtil:76 - -Djava.net.preferIPv4Stack: false
2018-05-16 19:02:02 DEBUG NetUtil:76 - -Djava.net.preferIPv6Addresses: false
2018-05-16 19:02:02 DEBUG NetUtil:86 - Loopback interface: lo0 (lo0, 0:0:0:0:0:0:0:1)
2018-05-16 19:02:02 DEBUG NetUtil:81 - Failed to get SOMAXCONN from sysctl and file /proc/sys/net/core/somaxconn. Default: 128
2018-05-16 19:02:02 DEBUG DefaultChannelId:76 - -Dio.netty.machineId: 98:e0:d9:ff:fe:8f:d9:0d (auto-detected)
2018-05-16 19:02:02 DEBUG InternalThreadLocalMap:76 - -Dio.netty.threadLocalMap.stringBuilder.initialSize: 1024
2018-05-16 19:02:02 DEBUG InternalThreadLocalMap:76 - -Dio.netty.threadLocalMap.stringBuilder.maxSize: 4096
2018-05-16 19:02:02 DEBUG ResourceLeakDetector:81 - -Dio.netty.leakDetection.level: simple
2018-05-16 19:02:02 DEBUG ResourceLeakDetector:81 - -Dio.netty.leakDetection.targetRecords: 4
2018-05-16 19:02:02 DEBUG PooledByteBufAllocator:76 - -Dio.netty.allocator.numHeapArenas: 8
2018-05-16 19:02:02 DEBUG PooledByteBufAllocator:76 - -Dio.netty.allocator.numDirectArenas: 8
2018-05-16 19:02:02 DEBUG PooledByteBufAllocator:76 - -Dio.netty.allocator.pageSize: 8192
2018-05-16 19:02:02 DEBUG PooledByteBufAllocator:76 - -Dio.netty.allocator.maxOrder: 11
2018-05-16 19:02:02 DEBUG PooledByteBufAllocator:76 - -Dio.netty.allocator.chunkSize: 16777216
2018-05-16 19:02:02 DEBUG PooledByteBufAllocator:76 - -Dio.netty.allocator.tinyCacheSize: 512
2018-05-16 19:02:02 DEBUG PooledByteBufAllocator:76 - -Dio.netty.allocator.smallCacheSize: 256
2018-05-16 19:02:02 DEBUG PooledByteBufAllocator:76 - -Dio.netty.allocator.normalCacheSize: 64
2018-05-16 19:02:02 DEBUG PooledByteBufAllocator:76 - -Dio.netty.allocator.maxCachedBufferCapacity: 32768
2018-05-16 19:02:02 DEBUG PooledByteBufAllocator:76 - -Dio.netty.allocator.cacheTrimInterval: 8192
2018-05-16 19:02:02 DEBUG PooledByteBufAllocator:76 - -Dio.netty.allocator.useCacheForAllThreads: true
2018-05-16 19:02:02 DEBUG ByteBufUtil:76 - -Dio.netty.allocator.type: pooled
2018-05-16 19:02:02 DEBUG ByteBufUtil:76 - -Dio.netty.threadLocalDirectBufferSize: 0
2018-05-16 19:02:02 DEBUG ByteBufUtil:76 - -Dio.netty.maxThreadLocalCharBufferSize: 16384
2018-05-16 19:02:02 ERROR Entry:26 - Server Started!
